[debug] [2020-04-19T14:11:29.162Z] ----------------------------------------------------------------------
[debug] [2020-04-19T14:11:29.164Z] Command:       /usr/local/bin/node /home/rodri/.yarn/bin/firebase emulators:start --only functions
[debug] [2020-04-19T14:11:29.165Z] CLI Version:   8.0.1
[debug] [2020-04-19T14:11:29.165Z] Platform:      linux
[debug] [2020-04-19T14:11:29.165Z] Node Version:  v8.13.0
[debug] [2020-04-19T14:11:29.165Z] Time:          Sun Apr 19 2020 11:11:29 GMT-0300 (-03)
[debug] [2020-04-19T14:11:29.165Z] ----------------------------------------------------------------------
[debug] [2020-04-19T14:11:29.165Z] 
[debug] [2020-04-19T14:11:29.179Z] > command requires scopes: ["email","openid","https://www.googleapis.com/auth/cloudplatformprojects.readonly","https://www.googleapis.com/auth/firebase","https://www.googleapis.com/auth/cloud-platform"]
[debug] [2020-04-19T14:11:29.179Z] > authorizing via signed-in user
[info] i  emulators: Starting emulators: functions
[debug] [2020-04-19T14:11:29.319Z] [hub] writing locator at /tmp/hub-instacool-8eeb8.json
[info] ✔  hub: emulator hub started at http://localhost:4400
[info] ✔  functions: Using node@8 from host.
[info] ✔  functions: functions emulator started at http://localhost:5001
[info] i  functions: Watching "/home/rodri/Desktop/ReactJS/UDEMY/3 HolaMundo/4 React, Redux, TypeScript, Firebase - Fullstack Serveless/instacool/functions" for Cloud Functions...
[debug] [2020-04-19T14:11:29.418Z] [worker-pool] addWorker(~diagnostic~) 
[debug] [2020-04-19T14:11:29.419Z] [worker-pool] Adding worker with key ~diagnostic~, total=1 
[debug] [2020-04-19T14:11:29.419Z] [worker-pool] submitWork(triggerId=) 
[debug] [2020-04-19T14:11:29.420Z] [worker-~diagnostic~-460d4906-1371-4578-8961-26acc9cffd6b]: Assigning socketPath: /tmp/fire_emu_4962.sock 
[debug] [2020-04-19T14:11:29.422Z] [worker-~diagnostic~-460d4906-1371-4578-8961-26acc9cffd6b]: BUSY 
[debug] [2020-04-19T14:11:30.066Z] [runtime-status] [4962] Functions runtime initialized. {"cwd":"/home/rodri/Desktop/ReactJS/UDEMY/3 HolaMundo/4 React, Redux, TypeScript, Firebase - Fullstack Serveless/instacool/functions","node_version":"8.13.0"} 
[debug] [2020-04-19T14:11:30.070Z] [runtime-status] [4962] Disabled runtime features: undefined 
[debug] [2020-04-19T14:11:30.071Z] [runtime-status] [4962] Resolved module firebase-admin {"declared":true,"installed":true,"version":"8.10.0","resolution":"/home/rodri/Desktop/ReactJS/UDEMY/3 HolaMundo/4 React, Redux, TypeScript, Firebase - Fullstack Serveless/instacool/functions/node_modules/firebase-admin/lib/index.js"} 
[debug] [2020-04-19T14:11:30.078Z] [runtime-status] [4962] Resolved module firebase-functions {"declared":true,"installed":true,"version":"3.6.0","resolution":"/home/rodri/Desktop/ReactJS/UDEMY/3 HolaMundo/4 React, Redux, TypeScript, Firebase - Fullstack Serveless/instacool/functions/node_modules/firebase-functions/lib/index.js"} 
[debug] [2020-04-19T14:11:30.084Z] [runtime-status] [4962] Outgoing network have been stubbed. [{"name":"http","status":"mocked"},{"name":"http","status":"mocked"},{"name":"https","status":"mocked"},{"name":"https","status":"mocked"},{"name":"net","status":"mocked"}] 
[debug] [2020-04-19T14:11:30.162Z] [runtime-status] [4962] Checked functions.config() {"config":{}} 
[debug] [2020-04-19T14:11:30.165Z] [runtime-status] [4962] Resolved module firebase-functions {"declared":true,"installed":true,"version":"3.6.0","resolution":"/home/rodri/Desktop/ReactJS/UDEMY/3 HolaMundo/4 React, Redux, TypeScript, Firebase - Fullstack Serveless/instacool/functions/node_modules/firebase-functions/lib/index.js"} 
[debug] [2020-04-19T14:11:30.165Z] [runtime-status] [4962] Resolved module firebase-admin {"declared":true,"installed":true,"version":"8.10.0","resolution":"/home/rodri/Desktop/ReactJS/UDEMY/3 HolaMundo/4 React, Redux, TypeScript, Firebase - Fullstack Serveless/instacool/functions/node_modules/firebase-admin/lib/index.js"} 
[debug] [2020-04-19T14:11:30.165Z] [runtime-status] [4962] Resolved module firebase-functions {"declared":true,"installed":true,"version":"3.6.0","resolution":"/home/rodri/Desktop/ReactJS/UDEMY/3 HolaMundo/4 React, Redux, TypeScript, Firebase - Fullstack Serveless/instacool/functions/node_modules/firebase-functions/lib/index.js"} 
[debug] [2020-04-19T14:11:30.166Z] [runtime-status] [4962] firebase-admin has been stubbed. {"adminResolution":{"declared":true,"installed":true,"version":"8.10.0","resolution":"/home/rodri/Desktop/ReactJS/UDEMY/3 HolaMundo/4 React, Redux, TypeScript, Firebase - Fullstack Serveless/instacool/functions/node_modules/firebase-admin/lib/index.js"}} 
[info] ✔  functions[api]: http function initialized (http://localhost:5001/instacool-8eeb8/us-central1/api).
[info] ✔  emulators: All emulators started, it is now safe to connect.
[debug] [2020-04-19T14:11:30.287Z] [worker-~diagnostic~-460d4906-1371-4578-8961-26acc9cffd6b]: IDLE 
[debug] [2020-04-19T14:11:32.427Z] [work-queue] {"queueLength":1,"workRunningCount":0}
[debug] [2020-04-19T14:11:32.431Z] [work-queue] {"queueLength":0,"workRunningCount":1}
[debug] [2020-04-19T14:11:32.434Z] Accepted request GET /instacool-8eeb8/us-central1/api/post --> api
[debug] [2020-04-19T14:11:32.464Z] [worker-pool] addWorker(api) 
[debug] [2020-04-19T14:11:32.465Z] [worker-pool] Adding worker with key api, total=1 
[debug] [2020-04-19T14:11:32.465Z] [worker-pool] submitWork(triggerId=api) 
[debug] [2020-04-19T14:11:32.466Z] [worker-api-171d4459-2c35-4bba-bf4c-a8e12b91ea76]: Assigning socketPath: /tmp/fire_emu_4968.sock 
[debug] [2020-04-19T14:11:32.466Z] [worker-api-171d4459-2c35-4bba-bf4c-a8e12b91ea76]: BUSY 
[debug] [2020-04-19T14:11:33.153Z] [runtime-status] [4968] Functions runtime initialized. {"cwd":"/home/rodri/Desktop/ReactJS/UDEMY/3 HolaMundo/4 React, Redux, TypeScript, Firebase - Fullstack Serveless/instacool/functions","node_version":"8.13.0"} 
[debug] [2020-04-19T14:11:33.160Z] [runtime-status] [4968] Disabled runtime features: undefined 
[debug] [2020-04-19T14:11:33.165Z] [runtime-status] [4968] Resolved module firebase-admin {"declared":true,"installed":true,"version":"8.10.0","resolution":"/home/rodri/Desktop/ReactJS/UDEMY/3 HolaMundo/4 React, Redux, TypeScript, Firebase - Fullstack Serveless/instacool/functions/node_modules/firebase-admin/lib/index.js"} 
[debug] [2020-04-19T14:11:33.167Z] [runtime-status] [4968] Resolved module firebase-functions {"declared":true,"installed":true,"version":"3.6.0","resolution":"/home/rodri/Desktop/ReactJS/UDEMY/3 HolaMundo/4 React, Redux, TypeScript, Firebase - Fullstack Serveless/instacool/functions/node_modules/firebase-functions/lib/index.js"} 
[debug] [2020-04-19T14:11:33.179Z] [runtime-status] [4968] Outgoing network have been stubbed. [{"name":"http","status":"mocked"},{"name":"http","status":"mocked"},{"name":"https","status":"mocked"},{"name":"https","status":"mocked"},{"name":"net","status":"mocked"}] 
[debug] [2020-04-19T14:11:33.270Z] [runtime-status] [4968] Checked functions.config() {"config":{}} 
[debug] [2020-04-19T14:11:33.275Z] [runtime-status] [4968] Resolved module firebase-functions {"declared":true,"installed":true,"version":"3.6.0","resolution":"/home/rodri/Desktop/ReactJS/UDEMY/3 HolaMundo/4 React, Redux, TypeScript, Firebase - Fullstack Serveless/instacool/functions/node_modules/firebase-functions/lib/index.js"} 
[debug] [2020-04-19T14:11:33.281Z] [runtime-status] [4968] Resolved module firebase-admin {"declared":true,"installed":true,"version":"8.10.0","resolution":"/home/rodri/Desktop/ReactJS/UDEMY/3 HolaMundo/4 React, Redux, TypeScript, Firebase - Fullstack Serveless/instacool/functions/node_modules/firebase-admin/lib/index.js"} 
[debug] [2020-04-19T14:11:33.281Z] [runtime-status] [4968] Resolved module firebase-functions {"declared":true,"installed":true,"version":"3.6.0","resolution":"/home/rodri/Desktop/ReactJS/UDEMY/3 HolaMundo/4 React, Redux, TypeScript, Firebase - Fullstack Serveless/instacool/functions/node_modules/firebase-functions/lib/index.js"} 
[debug] [2020-04-19T14:11:33.281Z] [runtime-status] [4968] firebase-admin has been stubbed. {"adminResolution":{"declared":true,"installed":true,"version":"8.10.0","resolution":"/home/rodri/Desktop/ReactJS/UDEMY/3 HolaMundo/4 React, Redux, TypeScript, Firebase - Fullstack Serveless/instacool/functions/node_modules/firebase-admin/lib/index.js"}} 
[debug] [2020-04-19T14:11:33.451Z] [runtime-status] [4968] Trigger "api" has been found, beginning invocation! 
[info] i  functions: Beginning execution of "api"
[debug] [2020-04-19T14:11:33.452Z] [runtime-status] [4968] triggerDefinition {"httpsTrigger":{},"name":"api","entryPoint":"api"} 
[debug] [2020-04-19T14:11:33.452Z] [runtime-status] [4968] Running api in mode HTTPS 
[debug] [2020-04-19T14:11:33.476Z] [runtime-status] [4968] Attempting to listen to socketPath: /tmp/fire_emu_4968.sock 
[debug] [2020-04-19T14:11:33.498Z] [functions] Runtime ready! Sending request! 
[debug] [2020-04-19T14:11:33.564Z] [runtime-status] [4968] Ephemeral server handling GET request 
[info] >  soy un middleware {"user":"soy un middleware"}
[info] >  lala {"user":"lala"}
[debug] [2020-04-19T14:11:33.595Z] [runtime-status] [4968] Ephemeral server survived. 
[info] i  functions: Finished "api" in ~1s
[debug] [2020-04-19T14:11:33.602Z] [worker-api-171d4459-2c35-4bba-bf4c-a8e12b91ea76]: IDLE 
[debug] [2020-04-19T14:11:33.603Z] [work-queue] {"queueLength":0,"workRunningCount":0}
[debug] [2020-04-19T14:26:41.815Z] File /home/rodri/Desktop/ReactJS/UDEMY/3 HolaMundo/4 React, Redux, TypeScript, Firebase - Fullstack Serveless/instacool/functions/src/createServer.ts changed, reloading triggers 
[debug] [2020-04-19T14:26:42.818Z] [worker-pool] Shutting down IDLE worker (~diagnostic~) 
[debug] [2020-04-19T14:26:42.819Z] [worker-~diagnostic~-460d4906-1371-4578-8961-26acc9cffd6b]: FINISHING 
[debug] [2020-04-19T14:26:42.820Z] [worker-pool] Shutting down IDLE worker (api) 
[debug] [2020-04-19T14:26:42.820Z] [worker-api-171d4459-2c35-4bba-bf4c-a8e12b91ea76]: FINISHING 
[debug] [2020-04-19T14:26:42.831Z] [worker-pool] addWorker(~diagnostic~) 
[debug] [2020-04-19T14:26:42.831Z] [worker-pool] Adding worker with key ~diagnostic~, total=2 
[debug] [2020-04-19T14:26:42.831Z] [worker-pool] submitWork(triggerId=) 
[debug] [2020-04-19T14:26:42.832Z] [worker-~diagnostic~-b918cb72-e633-460b-a315-97ce7c88ce63]: Assigning socketPath: /tmp/fire_emu_5606.sock 
[debug] [2020-04-19T14:26:42.832Z] [worker-~diagnostic~-b918cb72-e633-460b-a315-97ce7c88ce63]: BUSY 
[debug] [2020-04-19T14:26:42.835Z] [worker-~diagnostic~-460d4906-1371-4578-8961-26acc9cffd6b]: exited 
[debug] [2020-04-19T14:26:42.835Z] [worker-~diagnostic~-460d4906-1371-4578-8961-26acc9cffd6b]: FINISHED 
[debug] [2020-04-19T14:26:42.835Z] [worker-api-171d4459-2c35-4bba-bf4c-a8e12b91ea76]: exited 
[debug] [2020-04-19T14:26:42.835Z] [worker-api-171d4459-2c35-4bba-bf4c-a8e12b91ea76]: FINISHED 
[debug] [2020-04-19T14:26:43.063Z] [runtime-status] [5606] Functions runtime initialized. {"cwd":"/home/rodri/Desktop/ReactJS/UDEMY/3 HolaMundo/4 React, Redux, TypeScript, Firebase - Fullstack Serveless/instacool/functions","node_version":"8.13.0"} 
[debug] [2020-04-19T14:26:43.065Z] [runtime-status] [5606] Disabled runtime features: undefined 
[debug] [2020-04-19T14:26:43.066Z] [runtime-status] [5606] Resolved module firebase-admin {"declared":true,"installed":true,"version":"8.10.0","resolution":"/home/rodri/Desktop/ReactJS/UDEMY/3 HolaMundo/4 React, Redux, TypeScript, Firebase - Fullstack Serveless/instacool/functions/node_modules/firebase-admin/lib/index.js"} 
[debug] [2020-04-19T14:26:43.067Z] [runtime-status] [5606] Resolved module firebase-functions {"declared":true,"installed":true,"version":"3.6.0","resolution":"/home/rodri/Desktop/ReactJS/UDEMY/3 HolaMundo/4 React, Redux, TypeScript, Firebase - Fullstack Serveless/instacool/functions/node_modules/firebase-functions/lib/index.js"} 
[debug] [2020-04-19T14:26:43.071Z] [runtime-status] [5606] Outgoing network have been stubbed. [{"name":"http","status":"mocked"},{"name":"http","status":"mocked"},{"name":"https","status":"mocked"},{"name":"https","status":"mocked"},{"name":"net","status":"mocked"}] 
[debug] [2020-04-19T14:26:43.097Z] [runtime-status] [5606] Checked functions.config() {"config":{}} 
[debug] [2020-04-19T14:26:43.099Z] [runtime-status] [5606] Resolved module firebase-functions {"declared":true,"installed":true,"version":"3.6.0","resolution":"/home/rodri/Desktop/ReactJS/UDEMY/3 HolaMundo/4 React, Redux, TypeScript, Firebase - Fullstack Serveless/instacool/functions/node_modules/firebase-functions/lib/index.js"} 
[debug] [2020-04-19T14:26:43.099Z] [runtime-status] [5606] Resolved module firebase-admin {"declared":true,"installed":true,"version":"8.10.0","resolution":"/home/rodri/Desktop/ReactJS/UDEMY/3 HolaMundo/4 React, Redux, TypeScript, Firebase - Fullstack Serveless/instacool/functions/node_modules/firebase-admin/lib/index.js"} 
[debug] [2020-04-19T14:26:43.099Z] [runtime-status] [5606] Resolved module firebase-functions {"declared":true,"installed":true,"version":"3.6.0","resolution":"/home/rodri/Desktop/ReactJS/UDEMY/3 HolaMundo/4 React, Redux, TypeScript, Firebase - Fullstack Serveless/instacool/functions/node_modules/firebase-functions/lib/index.js"} 
[debug] [2020-04-19T14:26:43.099Z] [runtime-status] [5606] firebase-admin has been stubbed. {"adminResolution":{"declared":true,"installed":true,"version":"8.10.0","resolution":"/home/rodri/Desktop/ReactJS/UDEMY/3 HolaMundo/4 React, Redux, TypeScript, Firebase - Fullstack Serveless/instacool/functions/node_modules/firebase-admin/lib/index.js"}} 
[debug] [2020-04-19T14:26:43.147Z] [worker-~diagnostic~-b918cb72-e633-460b-a315-97ce7c88ce63]: IDLE 
[debug] [2020-04-19T14:27:34.128Z] File /home/rodri/Desktop/ReactJS/UDEMY/3 HolaMundo/4 React, Redux, TypeScript, Firebase - Fullstack Serveless/instacool/functions/src/createServer.ts changed, reloading triggers 
[debug] [2020-04-19T14:27:35.128Z] [worker-pool] Shutting down IDLE worker (~diagnostic~) 
[debug] [2020-04-19T14:27:35.129Z] [worker-~diagnostic~-b918cb72-e633-460b-a315-97ce7c88ce63]: FINISHING 
[debug] [2020-04-19T14:27:35.129Z] [worker-pool] Cleaned up workers for ~diagnostic~: 2 --> 1 
[debug] [2020-04-19T14:27:35.129Z] [worker-pool] Cleaned up workers for api: 1 --> 0 
[debug] [2020-04-19T14:27:35.137Z] [worker-pool] addWorker(~diagnostic~) 
[debug] [2020-04-19T14:27:35.137Z] [worker-pool] Adding worker with key ~diagnostic~, total=2 
[debug] [2020-04-19T14:27:35.137Z] [worker-pool] submitWork(triggerId=) 
[debug] [2020-04-19T14:27:35.138Z] [worker-~diagnostic~-8be83ea4-8a2a-475f-9a80-f8b78464d42b]: Assigning socketPath: /tmp/fire_emu_5734.sock 
[debug] [2020-04-19T14:27:35.138Z] [worker-~diagnostic~-8be83ea4-8a2a-475f-9a80-f8b78464d42b]: BUSY 
[debug] [2020-04-19T14:27:35.140Z] [worker-~diagnostic~-b918cb72-e633-460b-a315-97ce7c88ce63]: exited 
[debug] [2020-04-19T14:27:35.140Z] [worker-~diagnostic~-b918cb72-e633-460b-a315-97ce7c88ce63]: FINISHED 
[debug] [2020-04-19T14:27:35.358Z] [runtime-status] [5734] Functions runtime initialized. {"cwd":"/home/rodri/Desktop/ReactJS/UDEMY/3 HolaMundo/4 React, Redux, TypeScript, Firebase - Fullstack Serveless/instacool/functions","node_version":"8.13.0"} 
[debug] [2020-04-19T14:27:35.360Z] [runtime-status] [5734] Disabled runtime features: undefined 
[debug] [2020-04-19T14:27:35.361Z] [runtime-status] [5734] Resolved module firebase-admin {"declared":true,"installed":true,"version":"8.10.0","resolution":"/home/rodri/Desktop/ReactJS/UDEMY/3 HolaMundo/4 React, Redux, TypeScript, Firebase - Fullstack Serveless/instacool/functions/node_modules/firebase-admin/lib/index.js"} 
[debug] [2020-04-19T14:27:35.363Z] [runtime-status] [5734] Resolved module firebase-functions {"declared":true,"installed":true,"version":"3.6.0","resolution":"/home/rodri/Desktop/ReactJS/UDEMY/3 HolaMundo/4 React, Redux, TypeScript, Firebase - Fullstack Serveless/instacool/functions/node_modules/firebase-functions/lib/index.js"} 
[debug] [2020-04-19T14:27:35.366Z] [runtime-status] [5734] Outgoing network have been stubbed. [{"name":"http","status":"mocked"},{"name":"http","status":"mocked"},{"name":"https","status":"mocked"},{"name":"https","status":"mocked"},{"name":"net","status":"mocked"}] 
[debug] [2020-04-19T14:27:35.393Z] [runtime-status] [5734] Checked functions.config() {"config":{}} 
[debug] [2020-04-19T14:27:35.394Z] [runtime-status] [5734] Resolved module firebase-functions {"declared":true,"installed":true,"version":"3.6.0","resolution":"/home/rodri/Desktop/ReactJS/UDEMY/3 HolaMundo/4 React, Redux, TypeScript, Firebase - Fullstack Serveless/instacool/functions/node_modules/firebase-functions/lib/index.js"} 
[debug] [2020-04-19T14:27:35.394Z] [runtime-status] [5734] Resolved module firebase-admin {"declared":true,"installed":true,"version":"8.10.0","resolution":"/home/rodri/Desktop/ReactJS/UDEMY/3 HolaMundo/4 React, Redux, TypeScript, Firebase - Fullstack Serveless/instacool/functions/node_modules/firebase-admin/lib/index.js"} 
[debug] [2020-04-19T14:27:35.394Z] [runtime-status] [5734] Resolved module firebase-functions {"declared":true,"installed":true,"version":"3.6.0","resolution":"/home/rodri/Desktop/ReactJS/UDEMY/3 HolaMundo/4 React, Redux, TypeScript, Firebase - Fullstack Serveless/instacool/functions/node_modules/firebase-functions/lib/index.js"} 
[debug] [2020-04-19T14:27:35.395Z] [runtime-status] [5734] firebase-admin has been stubbed. {"adminResolution":{"declared":true,"installed":true,"version":"8.10.0","resolution":"/home/rodri/Desktop/ReactJS/UDEMY/3 HolaMundo/4 React, Redux, TypeScript, Firebase - Fullstack Serveless/instacool/functions/node_modules/firebase-admin/lib/index.js"}} 
[debug] [2020-04-19T14:27:35.439Z] [worker-~diagnostic~-8be83ea4-8a2a-475f-9a80-f8b78464d42b]: IDLE 
